This file contains any messages produced by compilers while
running configure, to aid debugging if configure makes a mistake.

It was created by libenet configure 1.3.17, which was
generated by GNU Autoconf 2.69.  Invocation command line was

  $ ./configure 

## --------- ##
## Platform. ##
## --------- ##

hostname = wireless-nat-inside.uiowa.edu
uname -m = x86_64
uname -r = 20.6.0
uname -s = Darwin
uname -v = Darwin Kernel Version 20.6.0: Thu Jul  6 22:12:47 PDT 2023; root:xnu-7195.141.49.702.12~1/RELEASE_X86_64

/usr/bin/uname -p = i386
/bin/uname -X     = unknown

/bin/arch              = unknown
/usr/bin/arch -k       = unknown
/usr/convex/getsysinfo = unknown
/usr/bin/hostinfo      = Mach kernel version:
	 Darwin Kernel Version 20.6.0: Thu Jul  6 22:12:47 PDT 2023; root:xnu-7195.141.49.702.12~1/RELEASE_X86_64
Kernel configured for up to 8 processors.
4 processors are physically available.
8 processors are logically available.
Processor type: x86_64h (Intel x86-64h Haswell)
Processors active: 0 1 2 3 4 5 6 7
Primary memory available: 16.00 gigabytes
Default processor set: 637 tasks, 4328 threads, 8 processors
Load average: 2.44, Mach factor: 5.65
/bin/machine           = unknown
/usr/bin/oslevel       = unknown
/bin/universe          = unknown

PATH: /Users/anshulgowda/.nvm/versions/node/v20.9.0/bin
PATH: /Users/anshulgowda/src/flutter/flutter/bin
PATH: /Users/anshulgowda/opt/anaconda3/bin
PATH: /Users/anshulgowda/opt/anaconda3/condabin
PATH: /Library/Frameworks/Python.framework/Versions/3.8/bin
PATH: /Library/Frameworks/Python.framework/Versions/3.9/bin
PATH: /usr/local/bin
PATH: /usr/bin
PATH: /bin
PATH: /usr/sbin
PATH: /sbin
PATH: /Library/Apple/usr/bin
PATH: /Library/Frameworks/Mono.framework/Versions/Current/Commands
PATH: /Applications/Wireshark.app/Contents/MacOS


## ----------- ##
## Core tests. ##
## ----------- ##

configure:2288: checking for a BSD-compatible install
configure:2356: result: /usr/local/bin/ginstall -c
configure:2367: checking whether build environment is sane
configure:2422: result: yes
configure:2573: checking for a thread-safe mkdir -p
configure:2612: result: /usr/local/bin/gmkdir -p
configure:2619: checking for gawk
configure:2649: result: no
configure:2619: checking for mawk
configure:2649: result: no
configure:2619: checking for nawk
configure:2649: result: no
configure:2619: checking for awk
configure:2635: found /usr/bin/awk
configure:2646: result: awk
configure:2657: checking whether make sets $(MAKE)
configure:2679: result: yes
configure:2708: checking whether make supports nested variables
configure:2725: result: yes
configure:2902: checking for gcc
configure:2918: found /usr/bin/gcc
configure:2929: result: gcc
configure:3158: checking for C compiler version
configure:3167: gcc --version >&5
Apple clang version 12.0.5 (clang-1205.0.22.9)
Target: x86_64-apple-darwin20.6.0
Thread model: posix
InstalledDir: /Library/Developer/CommandLineTools/usr/bin
Configured with: --prefix=/Library/Developer/CommandLineTools/usr --with-gxx-include-dir=/Library/Developer/CommandLineTools/SDKs/MacOSX.sdk/usr/include/c++/4.2.1
configure:3178: $? = 0
configure:3167: gcc -v >&5
Configured with: --prefix=/Library/Developer/CommandLineTools/usr --with-gxx-include-dir=/Library/Developer/CommandLineTools/SDKs/MacOSX.sdk/usr/include/c++/4.2.1
Apple clang version 12.0.5 (clang-1205.0.22.9)
Target: x86_64-apple-darwin20.6.0
Thread model: posix
InstalledDir: /Library/Developer/CommandLineTools/usr/bin
configure:3178: $? = 0
configure:3167: gcc -V >&5
clang: error: argument to '-V' is missing (expected 1 value)
clang: error: no input files
configure:3178: $? = 1
configure:3167: gcc -qversion >&5
clang: error: unknown argument '-qversion'; did you mean '--version'?
clang: error: no input files
configure:3178: $? = 1
configure:3198: checking whether the C compiler works
configure:3220: gcc    conftest.c  >&5
configure:3224: $? = 0
configure:3272: result: yes
configure:3275: checking for C compiler default output file name
configure:3277: result: a.out
configure:3283: checking for suffix of executables
configure:3290: gcc -o conftest    conftest.c  >&5
configure:3294: $? = 0
configure:3316: result: 
configure:3338: checking whether we are cross compiling
configure:3346: gcc -o conftest    conftest.c  >&5
configure:3350: $? = 0
configure:3357: ./conftest
configure:3361: $? = 0
configure:3376: result: no
configure:3381: checking for suffix of object files
configure:3403: gcc -c   conftest.c >&5
configure:3407: $? = 0
configure:3428: result: o
configure:3432: checking whether we are using the GNU C compiler
configure:3451: gcc -c   conftest.c >&5
configure:3451: $? = 0
configure:3460: result: yes
configure:3469: checking whether gcc accepts -g
configure:3489: gcc -c -g  conftest.c >&5
configure:3489: $? = 0
configure:3530: result: yes
configure:3547: checking for gcc option to accept ISO C89
configure:3610: gcc  -c -g -O2  conftest.c >&5
configure:3610: $? = 0
configure:3623: result: none needed
configure:3648: checking whether gcc understands -c and -o together
configure:3670: gcc -c conftest.c -o conftest2.o
configure:3673: $? = 0
configure:3670: gcc -c conftest.c -o conftest2.o
configure:3673: $? = 0
configure:3685: result: yes
configure:3705: checking whether make supports the include directive
configure:3720: make -f confmf.GNU && cat confinc.out
this is the am__doit target
configure:3723: $? = 0
configure:3742: result: yes (GNU style)
configure:3767: checking dependency style of gcc
configure:3878: result: gcc3
configure:3922: checking build system type
configure:3936: result: x86_64-apple-darwin20.6.0
configure:3956: checking host system type
configure:3969: result: x86_64-apple-darwin20.6.0
configure:4010: checking how to print strings
configure:4037: result: printf
configure:4058: checking for a sed that does not truncate output
configure:4122: result: /usr/bin/sed
configure:4140: checking for grep that handles long lines and -e
configure:4198: result: /usr/bin/grep
configure:4203: checking for egrep
configure:4265: result: /usr/bin/grep -E
configure:4270: checking for fgrep
configure:4332: result: /usr/bin/grep -F
configure:4367: checking for ld used by gcc
configure:4434: result: /Library/Developer/CommandLineTools/usr/bin/ld
configure:4441: checking if the linker (/Library/Developer/CommandLineTools/usr/bin/ld) is GNU ld
configure:4456: result: no
configure:4468: checking for BSD- or MS-compatible name lister (nm)
configure:4522: result: /usr/bin/nm -B
configure:4652: checking the name lister (/usr/bin/nm -B) interface
configure:4659: gcc -c -g -O2  conftest.c >&5
configure:4662: /usr/bin/nm -B "conftest.o"
configure:4665: output
0000000000000244 S _some_variable
configure:4672: result: BSD nm
configure:4675: checking whether ln -s works
configure:4679: result: yes
configure:4687: checking the maximum length of command line arguments
configure:4818: result: 786432
configure:4866: checking how to convert x86_64-apple-darwin20.6.0 file names to x86_64-apple-darwin20.6.0 format
configure:4906: result: func_convert_file_noop
configure:4913: checking how to convert x86_64-apple-darwin20.6.0 file names to toolchain format
configure:4933: result: func_convert_file_noop
configure:4940: checking for /Library/Developer/CommandLineTools/usr/bin/ld option to reload object files
configure:4947: result: -r
configure:5021: checking for objdump
configure:5037: found /usr/bin/objdump
configure:5048: result: objdump
configure:5080: checking how to recognize dependent libraries
configure:5280: result: pass_all
configure:5365: checking for dlltool
configure:5395: result: no
configure:5425: checking how to associate runtime and link libraries
configure:5452: result: printf %s\n
configure:5513: checking for ar
configure:5529: found /usr/bin/ar
configure:5540: result: ar
configure:5577: checking for archiver @FILE support
configure:5594: gcc -c -g -O2  conftest.c >&5
configure:5594: $? = 0
configure:5597: ar cru libconftest.a @conftest.lst >&5
ar: @conftest.lst: No such file or directory
configure:5600: $? = 1
configure:5620: result: no
configure:5678: checking for strip
configure:5694: found /usr/bin/strip
configure:5705: result: strip
configure:5777: checking for ranlib
configure:5793: found /usr/bin/ranlib
configure:5804: result: ranlib
configure:5906: checking command to parse /usr/bin/nm -B output from gcc object
configure:6059: gcc -c -g -O2  conftest.c >&5
configure:6062: $? = 0
configure:6066: /usr/bin/nm -B conftest.o | sed -n -e 's/^.*[	 ]\([BCDEGRST][BCDEGRST]*\)[	 ][	 ]*\([_A-Za-z][_A-Za-z0-9]*\)$/\1 \2 \2/p' | sed '/ __gnu_lto/d' > conftest.nm
cannot find nm_test_var in conftest.nm
configure:6059: gcc -c -g -O2  conftest.c >&5
configure:6062: $? = 0
configure:6066: /usr/bin/nm -B conftest.o | sed -n -e 's/^.*[	 ]\([BCDEGRST][BCDEGRST]*\)[	 ][	 ]*_\([_A-Za-z][_A-Za-z0-9]*\)$/\1 _\2 \2/p' | sed '/ __gnu_lto/d' > conftest.nm
configure:6132: gcc -o conftest -g -O2   conftest.c conftstm.o >&5
warning: (x86_64)  could not find object file symbol for symbol _main
configure:6135: $? = 0
configure:6173: result: ok
configure:6220: checking for sysroot
configure:6250: result: no
configure:6257: checking for a working dd
configure:6295: result: /bin/dd
configure:6299: checking how to truncate binary pipes
configure:6314: result: /bin/dd bs=4096 count=1
configure:6643: checking for mt
configure:6673: result: no
configure:6693: checking if : is a manifest tool
configure:6699: : '-?'
configure:6707: result: no
configure:6763: checking for dsymutil
configure:6779: found /usr/bin/dsymutil
configure:6790: result: dsymutil
configure:6855: checking for nmedit
configure:6871: found /usr/bin/nmedit
configure:6882: result: nmedit
configure:6947: checking for lipo
configure:6963: found /usr/bin/lipo
configure:6974: result: lipo
configure:7039: checking for otool
configure:7055: found /usr/bin/otool
configure:7066: result: otool
configure:7131: checking for otool64
configure:7161: result: no
configure:7206: checking for -single_module linker flag
gcc -g -O2  -o libconftest.dylib -dynamiclib -Wl,-single_module conftest.c
configure:7239: result: yes
configure:7242: checking for -exported_symbols_list linker flag
configure:7262: gcc -o conftest -g -O2   -Wl,-exported_symbols_list,conftest.sym conftest.c  >&5
configure:7262: $? = 0
configure:7272: result: yes
configure:7275: checking for -force_load linker flag
gcc -g -O2 -c -o conftest.o conftest.c
ar cru libconftest.a conftest.o
ranlib libconftest.a
gcc -g -O2  -o conftest conftest.c -Wl,-force_load,./libconftest.a
configure:7307: result: yes
configure:7384: checking how to run the C preprocessor
configure:7415: gcc -E  conftest.c
configure:7415: $? = 0
configure:7429: gcc -E  conftest.c
conftest.c:11:10: fatal error: 'ac_nonexistent.h' file not found
#include <ac_nonexistent.h>
         ^~~~~~~~~~~~~~~~~~
1 error generated.
configure:7429: $? = 1
configure: failed program was:
| /* confdefs.h */
| #define PACKAGE_NAME "libenet"
| #define PACKAGE_TARNAME "libenet"
| #define PACKAGE_VERSION "1.3.17"
| #define PACKAGE_STRING "libenet 1.3.17"
| #define PACKAGE_BUGREPORT ""
| #define PACKAGE_URL ""
| #define PACKAGE "libenet"
| #define VERSION "1.3.17"
| /* end confdefs.h.  */
| #include <ac_nonexistent.h>
configure:7454: result: gcc -E
configure:7474: gcc -E  conftest.c
configure:7474: $? = 0
configure:7488: gcc -E  conftest.c
conftest.c:11:10: fatal error: 'ac_nonexistent.h' file not found
#include <ac_nonexistent.h>
         ^~~~~~~~~~~~~~~~~~
1 error generated.
configure:7488: $? = 1
configure: failed program was:
| /* confdefs.h */
| #define PACKAGE_NAME "libenet"
| #define PACKAGE_TARNAME "libenet"
| #define PACKAGE_VERSION "1.3.17"
| #define PACKAGE_STRING "libenet 1.3.17"
| #define PACKAGE_BUGREPORT ""
| #define PACKAGE_URL ""
| #define PACKAGE "libenet"
| #define VERSION "1.3.17"
| /* end confdefs.h.  */
| #include <ac_nonexistent.h>
configure:7517: checking for ANSI C header files
configure:7537: gcc -c -g -O2  conftest.c >&5
configure:7537: $? = 0
configure:7610: gcc -o conftest -g -O2   conftest.c  >&5
configure:7610: $? = 0
configure:7610: ./conftest
configure:7610: $? = 0
configure:7621: result: yes
configure:7634: checking for sys/types.h
configure:7634: gcc -c -g -O2  conftest.c >&5
configure:7634: $? = 0
configure:7634: result: yes
configure:7634: checking for sys/stat.h
configure:7634: gcc -c -g -O2  conftest.c >&5
configure:7634: $? = 0
configure:7634: result: yes
configure:7634: checking for stdlib.h
configure:7634: gcc -c -g -O2  conftest.c >&5
configure:7634: $? = 0
configure:7634: result: yes
configure:7634: checking for string.h
configure:7634: gcc -c -g -O2  conftest.c >&5
configure:7634: $? = 0
configure:7634: result: yes
configure:7634: checking for memory.h
configure:7634: gcc -c -g -O2  conftest.c >&5
configure:7634: $? = 0
configure:7634: result: yes
configure:7634: checking for strings.h
configure:7634: gcc -c -g -O2  conftest.c >&5
configure:7634: $? = 0
configure:7634: result: yes
configure:7634: checking for inttypes.h
configure:7634: gcc -c -g -O2  conftest.c >&5
configure:7634: $? = 0
configure:7634: result: yes
configure:7634: checking for stdint.h
configure:7634: gcc -c -g -O2  conftest.c >&5
configure:7634: $? = 0
configure:7634: result: yes
configure:7634: checking for unistd.h
configure:7634: gcc -c -g -O2  conftest.c >&5
configure:7634: $? = 0
configure:7634: result: yes
configure:7648: checking for dlfcn.h
configure:7648: gcc -c -g -O2  conftest.c >&5
configure:7648: $? = 0
configure:7648: result: yes
configure:7904: checking for objdir
configure:7919: result: .libs
configure:8183: checking if gcc supports -fno-rtti -fno-exceptions
configure:8201: gcc -c -g -O2  -fno-rtti -fno-exceptions conftest.c >&5
configure:8205: $? = 0
configure:8218: result: yes
configure:8576: checking for gcc option to produce PIC
configure:8583: result: -fno-common -DPIC
configure:8591: checking if gcc PIC flag -fno-common -DPIC works
configure:8609: gcc -c -g -O2  -fno-common -DPIC -DPIC conftest.c >&5
configure:8613: $? = 0
configure:8626: result: yes
configure:8655: checking if gcc static flag -static works
configure:8683: result: no
configure:8698: checking if gcc supports -c -o file.o
configure:8719: gcc -c -g -O2  -o out/conftest2.o conftest.c >&5
configure:8723: $? = 0
configure:8745: result: yes
configure:8753: checking if gcc supports -c -o file.o
configure:8800: result: yes
configure:8833: checking whether the gcc linker (/Library/Developer/CommandLineTools/usr/bin/ld) supports shared libraries
configure:10096: result: yes
configure:10336: checking dynamic linker characteristics
configure:11166: result: darwin20.6.0 dyld
configure:11288: checking how to hardcode library paths into programs
configure:11313: result: immediate
configure:11861: checking whether stripping libraries is possible
configure:11875: result: yes
configure:11901: checking if libtool supports shared libraries
configure:11903: result: yes
configure:11906: checking whether to build shared libraries
configure:11931: result: yes
configure:11934: checking whether to build static libraries
configure:11938: result: yes
configure:11976: checking for getaddrinfo
configure:11976: gcc -o conftest -g -O2   conftest.c  >&5
configure:11976: $? = 0
configure:11976: result: yes
configure:11982: checking for getnameinfo
configure:11982: gcc -o conftest -g -O2   conftest.c  >&5
configure:11982: $? = 0
configure:11982: result: yes
configure:11988: checking for gethostbyaddr_r
configure:11988: gcc -o conftest -g -O2   conftest.c  >&5
Undefined symbols for architecture x86_64:
  "_gethostbyaddr_r", referenced from:
      _main in conftest-a94050.o
ld: symbol(s) not found for architecture x86_64
clang: error: linker command failed with exit code 1 (use -v to see invocation)
configure:11988: $? = 1
configure: failed program was:
| /* confdefs.h */
| #define PACKAGE_NAME "libenet"
| #define PACKAGE_TARNAME "libenet"
| #define PACKAGE_VERSION "1.3.17"
| #define PACKAGE_STRING "libenet 1.3.17"
| #define PACKAGE_BUGREPORT ""
| #define PACKAGE_URL ""
| #define PACKAGE "libenet"
| #define VERSION "1.3.17"
| #define STDC_HEADERS 1
| #define HAVE_SYS_TYPES_H 1
| #define HAVE_SYS_STAT_H 1
| #define HAVE_STDLIB_H 1
| #define HAVE_STRING_H 1
| #define HAVE_MEMORY_H 1
| #define HAVE_STRINGS_H 1
| #define HAVE_INTTYPES_H 1
| #define HAVE_STDINT_H 1
| #define HAVE_UNISTD_H 1
| #define HAVE_DLFCN_H 1
| #define LT_OBJDIR ".libs/"
| #define HAS_GETADDRINFO 1
| #define HAS_GETNAMEINFO 1
| /* end confdefs.h.  */
| /* Define gethostbyaddr_r to an innocuous variant, in case <limits.h> declares gethostbyaddr_r.
|    For example, HP-UX 11i <limits.h> declares gettimeofday.  */
| #define gethostbyaddr_r innocuous_gethostbyaddr_r
| 
| /* System header to define __stub macros and hopefully few prototypes,
|     which can conflict with char gethostbyaddr_r (); below.
|     Prefer <limits.h> to <assert.h> if __STDC__ is defined, since
|     <limits.h> exists even on freestanding compilers.  */
| 
| #ifdef __STDC__
| # include <limits.h>
| #else
| # include <assert.h>
| #endif
| 
| #undef gethostbyaddr_r
| 
| /* Override any GCC internal prototype to avoid an error.
|    Use char because int might match the return type of a GCC
|    builtin and then its argument prototype would still apply.  */
| #ifdef __cplusplus
| extern "C"
| #endif
| char gethostbyaddr_r ();
| /* The GNU C library defines this for functions which it implements
|     to always fail with ENOSYS.  Some functions are actually named
|     something starting with __ and the normal name is an alias.  */
| #if defined __stub_gethostbyaddr_r || defined __stub___gethostbyaddr_r
| choke me
| #endif
| 
| int
| main ()
| {
| return gethostbyaddr_r ();
|   ;
|   return 0;
| }
configure:11988: result: no
configure:11994: checking for gethostbyname_r
configure:11994: gcc -o conftest -g -O2   conftest.c  >&5
Undefined symbols for architecture x86_64:
  "_gethostbyname_r", referenced from:
      _main in conftest-4c838a.o
ld: symbol(s) not found for architecture x86_64
clang: error: linker command failed with exit code 1 (use -v to see invocation)
configure:11994: $? = 1
configure: failed program was:
| /* confdefs.h */
| #define PACKAGE_NAME "libenet"
| #define PACKAGE_TARNAME "libenet"
| #define PACKAGE_VERSION "1.3.17"
| #define PACKAGE_STRING "libenet 1.3.17"
| #define PACKAGE_BUGREPORT ""
| #define PACKAGE_URL ""
| #define PACKAGE "libenet"
| #define VERSION "1.3.17"
| #define STDC_HEADERS 1
| #define HAVE_SYS_TYPES_H 1
| #define HAVE_SYS_STAT_H 1
| #define HAVE_STDLIB_H 1
| #define HAVE_STRING_H 1
| #define HAVE_MEMORY_H 1
| #define HAVE_STRINGS_H 1
| #define HAVE_INTTYPES_H 1
| #define HAVE_STDINT_H 1
| #define HAVE_UNISTD_H 1
| #define HAVE_DLFCN_H 1
| #define LT_OBJDIR ".libs/"
| #define HAS_GETADDRINFO 1
| #define HAS_GETNAMEINFO 1
| /* end confdefs.h.  */
| /* Define gethostbyname_r to an innocuous variant, in case <limits.h> declares gethostbyname_r.
|    For example, HP-UX 11i <limits.h> declares gettimeofday.  */
| #define gethostbyname_r innocuous_gethostbyname_r
| 
| /* System header to define __stub macros and hopefully few prototypes,
|     which can conflict with char gethostbyname_r (); below.
|     Prefer <limits.h> to <assert.h> if __STDC__ is defined, since
|     <limits.h> exists even on freestanding compilers.  */
| 
| #ifdef __STDC__
| # include <limits.h>
| #else
| # include <assert.h>
| #endif
| 
| #undef gethostbyname_r
| 
| /* Override any GCC internal prototype to avoid an error.
|    Use char because int might match the return type of a GCC
|    builtin and then its argument prototype would still apply.  */
| #ifdef __cplusplus
| extern "C"
| #endif
| char gethostbyname_r ();
| /* The GNU C library defines this for functions which it implements
|     to always fail with ENOSYS.  Some functions are actually named
|     something starting with __ and the normal name is an alias.  */
| #if defined __stub_gethostbyname_r || defined __stub___gethostbyname_r
| choke me
| #endif
| 
| int
| main ()
| {
| return gethostbyname_r ();
|   ;
|   return 0;
| }
configure:11994: result: no
configure:12000: checking for poll
configure:12000: gcc -o conftest -g -O2   conftest.c  >&5
configure:12000: $? = 0
configure:12000: result: yes
configure:12006: checking for fcntl
configure:12006: gcc -o conftest -g -O2   conftest.c  >&5
configure:12006: $? = 0
configure:12006: result: yes
configure:12012: checking for inet_pton
configure:12012: gcc -o conftest -g -O2   conftest.c  >&5
configure:12012: $? = 0
configure:12012: result: yes
configure:12018: checking for inet_ntop
configure:12018: gcc -o conftest -g -O2   conftest.c  >&5
configure:12018: $? = 0
configure:12018: result: yes
configure:12025: checking for struct msghdr.msg_flags
configure:12025: gcc -c -g -O2  conftest.c >&5
configure:12025: $? = 0
configure:12025: result: yes
configure:12033: checking for socklen_t
configure:12033: gcc -c -g -O2  conftest.c >&5
configure:12033: $? = 0
configure:12033: gcc -c -g -O2  conftest.c >&5
conftest.c:37:24: error: expected expression
if (sizeof ((socklen_t)))
                       ^
1 error generated.
configure:12033: $? = 1
configure: failed program was:
| /* confdefs.h */
| #define PACKAGE_NAME "libenet"
| #define PACKAGE_TARNAME "libenet"
| #define PACKAGE_VERSION "1.3.17"
| #define PACKAGE_STRING "libenet 1.3.17"
| #define PACKAGE_BUGREPORT ""
| #define PACKAGE_URL ""
| #define PACKAGE "libenet"
| #define VERSION "1.3.17"
| #define STDC_HEADERS 1
| #define HAVE_SYS_TYPES_H 1
| #define HAVE_SYS_STAT_H 1
| #define HAVE_STDLIB_H 1
| #define HAVE_STRING_H 1
| #define HAVE_MEMORY_H 1
| #define HAVE_STRINGS_H 1
| #define HAVE_INTTYPES_H 1
| #define HAVE_STDINT_H 1
| #define HAVE_UNISTD_H 1
| #define HAVE_DLFCN_H 1
| #define LT_OBJDIR ".libs/"
| #define HAS_GETADDRINFO 1
| #define HAS_GETNAMEINFO 1
| #define HAS_POLL 1
| #define HAS_FCNTL 1
| #define HAS_INET_PTON 1
| #define HAS_INET_NTOP 1
| #define HAS_MSGHDR_FLAGS 1
| /* end confdefs.h.  */
| #include <sys/types.h>
|               #include <sys/socket.h>
| 
| 
| int
| main ()
| {
| if (sizeof ((socklen_t)))
| 	    return 0;
|   ;
|   return 0;
| }
configure:12033: result: yes
configure:12190: checking that generated files are newer than configure
configure:12196: result: done
configure:12219: creating ./config.status

## ---------------------- ##
## Running config.status. ##
## ---------------------- ##

This file was extended by libenet config.status 1.3.17, which was
generated by GNU Autoconf 2.69.  Invocation command line was

  CONFIG_FILES    = 
  CONFIG_HEADERS  = 
  CONFIG_LINKS    = 
  CONFIG_COMMANDS = 
  $ ./config.status 

on wireless-nat-inside.uiowa.edu

config.status:1005: creating Makefile
config.status:1005: creating libenet.pc
config.status:1177: executing depfiles commands
config.status:1254: cd .       && sed -e '/# am--include-marker/d' Makefile         | make -f - am--depfiles
config.status:1259: $? = 0
config.status:1177: executing libtool commands

## ---------------- ##
## Cache variables. ##
## ---------------- ##

ac_cv_build=x86_64-apple-darwin20.6.0
ac_cv_c_compiler_gnu=yes
ac_cv_env_CC_set=
ac_cv_env_CC_value=
ac_cv_env_CFLAGS_set=
ac_cv_env_CFLAGS_value=
ac_cv_env_CPPFLAGS_set=
ac_cv_env_CPPFLAGS_value=
ac_cv_env_CPP_set=
ac_cv_env_CPP_value=
ac_cv_env_LDFLAGS_set=
ac_cv_env_LDFLAGS_value=
ac_cv_env_LIBS_set=
ac_cv_env_LIBS_value=
ac_cv_env_LT_SYS_LIBRARY_PATH_set=
ac_cv_env_LT_SYS_LIBRARY_PATH_value=
ac_cv_env_build_alias_set=
ac_cv_env_build_alias_value=
ac_cv_env_host_alias_set=
ac_cv_env_host_alias_value=
ac_cv_env_target_alias_set=
ac_cv_env_target_alias_value=
ac_cv_func_fcntl=yes
ac_cv_func_getaddrinfo=yes
ac_cv_func_gethostbyaddr_r=no
ac_cv_func_gethostbyname_r=no
ac_cv_func_getnameinfo=yes
ac_cv_func_inet_ntop=yes
ac_cv_func_inet_pton=yes
ac_cv_func_poll=yes
ac_cv_header_dlfcn_h=yes
ac_cv_header_inttypes_h=yes
ac_cv_header_memory_h=yes
ac_cv_header_stdc=yes
ac_cv_header_stdint_h=yes
ac_cv_header_stdlib_h=yes
ac_cv_header_string_h=yes
ac_cv_header_strings_h=yes
ac_cv_header_sys_stat_h=yes
ac_cv_header_sys_types_h=yes
ac_cv_header_unistd_h=yes
ac_cv_host=x86_64-apple-darwin20.6.0
ac_cv_member_struct_msghdr_msg_flags=yes
ac_cv_objext=o
ac_cv_path_EGREP='/usr/bin/grep -E'
ac_cv_path_FGREP='/usr/bin/grep -F'
ac_cv_path_GREP=/usr/bin/grep
ac_cv_path_SED=/usr/bin/sed
ac_cv_path_install='/usr/local/bin/ginstall -c'
ac_cv_path_lt_DD=/bin/dd
ac_cv_path_mkdir=/usr/local/bin/gmkdir
ac_cv_prog_AWK=awk
ac_cv_prog_CPP='gcc -E'
ac_cv_prog_ac_ct_AR=ar
ac_cv_prog_ac_ct_CC=gcc
ac_cv_prog_ac_ct_DSYMUTIL=dsymutil
ac_cv_prog_ac_ct_LIPO=lipo
ac_cv_prog_ac_ct_NMEDIT=nmedit
ac_cv_prog_ac_ct_OBJDUMP=objdump
ac_cv_prog_ac_ct_OTOOL=otool
ac_cv_prog_ac_ct_RANLIB=ranlib
ac_cv_prog_ac_ct_STRIP=strip
ac_cv_prog_cc_c89=
ac_cv_prog_cc_g=yes
ac_cv_prog_make_make_set=yes
ac_cv_type_socklen_t=yes
am_cv_CC_dependencies_compiler_type=gcc3
am_cv_make_support_nested_variables=yes
am_cv_prog_cc_c_o=yes
lt_cv_apple_cc_single_mod=yes
lt_cv_ar_at_file=no
lt_cv_deplibs_check_method=pass_all
lt_cv_file_magic_cmd='$MAGIC_CMD'
lt_cv_file_magic_test_file=
lt_cv_ld_exported_symbols_list=yes
lt_cv_ld_force_load=yes
lt_cv_ld_reload_flag=-r
lt_cv_nm_interface='BSD nm'
lt_cv_objdir=.libs
lt_cv_path_LD=/Library/Developer/CommandLineTools/usr/bin/ld
lt_cv_path_NM='/usr/bin/nm -B'
lt_cv_path_mainfest_tool=no
lt_cv_prog_compiler_c_o=yes
lt_cv_prog_compiler_pic='-fno-common -DPIC'
lt_cv_prog_compiler_pic_works=yes
lt_cv_prog_compiler_rtti_exceptions=yes
lt_cv_prog_compiler_static_works=no
lt_cv_prog_gnu_ld=no
lt_cv_sharedlib_from_linklib_cmd='printf %s\n'
lt_cv_sys_global_symbol_pipe='sed -n -e '\''s/^.*[	 ]\([BCDEGRST][BCDEGRST]*\)[	 ][	 ]*_\([_A-Za-z][_A-Za-z0-9]*\)$/\1 _\2 \2/p'\'' | sed '\''/ __gnu_lto/d'\'''
lt_cv_sys_global_symbol_to_c_name_address='sed -n -e '\''s/^: \(.*\) .*$/  {"\1", (void *) 0},/p'\'' -e '\''s/^[BCDEGRST][BCDEGRST]* .* \(.*\)$/  {"\1", (void *) \&\1},/p'\'''
lt_cv_sys_global_symbol_to_c_name_address_lib_prefix='sed -n -e '\''s/^: \(.*\) .*$/  {"\1", (void *) 0},/p'\'' -e '\''s/^[BCDEGRST][BCDEGRST]* .* \(lib.*\)$/  {"\1", (void *) \&\1},/p'\'' -e '\''s/^[BCDEGRST][BCDEGRST]* .* \(.*\)$/  {"lib\1", (void *) \&\1},/p'\'''
lt_cv_sys_global_symbol_to_cdecl='sed -n -e '\''s/^T .* \(.*\)$/extern int \1();/p'\'' -e '\''s/^[BCDEGRST][BCDEGRST]* .* \(.*\)$/extern char \1;/p'\'''
lt_cv_sys_global_symbol_to_import=
lt_cv_sys_max_cmd_len=786432
lt_cv_to_host_file_cmd=func_convert_file_noop
lt_cv_to_tool_file_cmd=func_convert_file_noop
lt_cv_truncate_bin='/bin/dd bs=4096 count=1'

## ----------------- ##
## Output variables. ##
## ----------------- ##

ACLOCAL='${SHELL} /Users/anshulgowda/Documents/CODE/Odyssey/OdysseyGameServer/enet-1.3.17/missing aclocal-1.16'
AMDEPBACKSLASH='\'
AMDEP_FALSE='#'
AMDEP_TRUE=''
AMTAR='$${TAR-tar}'
AM_BACKSLASH='\'
AM_DEFAULT_V='$(AM_DEFAULT_VERBOSITY)'
AM_DEFAULT_VERBOSITY='1'
AM_V='$(V)'
AR='ar'
AUTOCONF='${SHELL} /Users/anshulgowda/Documents/CODE/Odyssey/OdysseyGameServer/enet-1.3.17/missing autoconf'
AUTOHEADER='${SHELL} /Users/anshulgowda/Documents/CODE/Odyssey/OdysseyGameServer/enet-1.3.17/missing autoheader'
AUTOMAKE='${SHELL} /Users/anshulgowda/Documents/CODE/Odyssey/OdysseyGameServer/enet-1.3.17/missing automake-1.16'
AWK='awk'
CC='gcc'
CCDEPMODE='depmode=gcc3'
CFLAGS='-g -O2'
CPP='gcc -E'
CPPFLAGS=''
CYGPATH_W='echo'
DEFS='-DPACKAGE_NAME=\"libenet\" -DPACKAGE_TARNAME=\"libenet\" -DPACKAGE_VERSION=\"1.3.17\" -DPACKAGE_STRING=\"libenet\ 1.3.17\" -DPACKAGE_BUGREPORT=\"\" -DPACKAGE_URL=\"\" -DPACKAGE=\"libenet\" -DVERSION=\"1.3.17\" -DSTDC_HEADERS=1 -DHAVE_SYS_TYPES_H=1 -DHAVE_SYS_STAT_H=1 -DHAVE_STDLIB_H=1 -DHAVE_STRING_H=1 -DHAVE_MEMORY_H=1 -DHAVE_STRINGS_H=1 -DHAVE_INTTYPES_H=1 -DHAVE_STDINT_H=1 -DHAVE_UNISTD_H=1 -DHAVE_DLFCN_H=1 -DLT_OBJDIR=\".libs/\" -DHAS_GETADDRINFO=1 -DHAS_GETNAMEINFO=1 -DHAS_POLL=1 -DHAS_FCNTL=1 -DHAS_INET_PTON=1 -DHAS_INET_NTOP=1 -DHAS_MSGHDR_FLAGS=1 -DHAS_SOCKLEN_T=1'
DEPDIR='.deps'
DLLTOOL='false'
DSYMUTIL='dsymutil'
DUMPBIN=''
ECHO_C='\c'
ECHO_N=''
ECHO_T=''
EGREP='/usr/bin/grep -E'
EXEEXT=''
FGREP='/usr/bin/grep -F'
GREP='/usr/bin/grep'
INSTALL_DATA='${INSTALL} -m 644'
INSTALL_PROGRAM='${INSTALL}'
INSTALL_SCRIPT='${INSTALL}'
INSTALL_STRIP_PROGRAM='$(install_sh) -c -s'
LD='/Library/Developer/CommandLineTools/usr/bin/ld'
LDFLAGS=''
LIBOBJS=''
LIBS=''
LIBTOOL='$(SHELL) $(top_builddir)/libtool'
LIPO='lipo'
LN_S='ln -s'
LTLIBOBJS=''
LT_SYS_LIBRARY_PATH=''
MAKEINFO='${SHELL} /Users/anshulgowda/Documents/CODE/Odyssey/OdysseyGameServer/enet-1.3.17/missing makeinfo'
MANIFEST_TOOL=':'
MKDIR_P='/usr/local/bin/gmkdir -p'
NM='/usr/bin/nm -B'
NMEDIT='nmedit'
OBJDUMP='objdump'
OBJEXT='o'
OTOOL64=':'
OTOOL='otool'
PACKAGE='libenet'
PACKAGE_BUGREPORT=''
PACKAGE_NAME='libenet'
PACKAGE_STRING='libenet 1.3.17'
PACKAGE_TARNAME='libenet'
PACKAGE_URL=''
PACKAGE_VERSION='1.3.17'
PATH_SEPARATOR=':'
RANLIB='ranlib'
SED='/usr/bin/sed'
SET_MAKE=''
SHELL='/bin/sh'
STRIP='strip'
VERSION='1.3.17'
ac_ct_AR='ar'
ac_ct_CC='gcc'
ac_ct_DUMPBIN=''
am__EXEEXT_FALSE=''
am__EXEEXT_TRUE='#'
am__fastdepCC_FALSE='#'
am__fastdepCC_TRUE=''
am__include='include'
am__isrc=''
am__leading_dot='.'
am__nodep='_no'
am__quote=''
am__tar='$${TAR-tar} chof - "$$tardir"'
am__untar='$${TAR-tar} xf -'
bindir='${exec_prefix}/bin'
build='x86_64-apple-darwin20.6.0'
build_alias=''
build_cpu='x86_64'
build_os='darwin20.6.0'
build_vendor='apple'
datadir='${datarootdir}'
datarootdir='${prefix}/share'
docdir='${datarootdir}/doc/${PACKAGE_TARNAME}'
dvidir='${docdir}'
exec_prefix='${prefix}'
host='x86_64-apple-darwin20.6.0'
host_alias=''
host_cpu='x86_64'
host_os='darwin20.6.0'
host_vendor='apple'
htmldir='${docdir}'
includedir='${prefix}/include'
infodir='${datarootdir}/info'
install_sh='${SHELL} /Users/anshulgowda/Documents/CODE/Odyssey/OdysseyGameServer/enet-1.3.17/install-sh'
libdir='${exec_prefix}/lib'
libexecdir='${exec_prefix}/libexec'
localedir='${datarootdir}/locale'
localstatedir='${prefix}/var'
mandir='${datarootdir}/man'
mkdir_p='$(MKDIR_P)'
oldincludedir='/usr/include'
pdfdir='${docdir}'
prefix='/usr/local'
program_transform_name='s,x,x,'
psdir='${docdir}'
runstatedir='${localstatedir}/run'
sbindir='${exec_prefix}/sbin'
sharedstatedir='${prefix}/com'
sysconfdir='${prefix}/etc'
target_alias=''

## ----------- ##
## confdefs.h. ##
## ----------- ##

/* confdefs.h */
#define PACKAGE_NAME "libenet"
#define PACKAGE_TARNAME "libenet"
#define PACKAGE_VERSION "1.3.17"
#define PACKAGE_STRING "libenet 1.3.17"
#define PACKAGE_BUGREPORT ""
#define PACKAGE_URL ""
#define PACKAGE "libenet"
#define VERSION "1.3.17"
#define STDC_HEADERS 1
#define HAVE_SYS_TYPES_H 1
#define HAVE_SYS_STAT_H 1
#define HAVE_STDLIB_H 1
#define HAVE_STRING_H 1
#define HAVE_MEMORY_H 1
#define HAVE_STRINGS_H 1
#define HAVE_INTTYPES_H 1
#define HAVE_STDINT_H 1
#define HAVE_UNISTD_H 1
#define HAVE_DLFCN_H 1
#define LT_OBJDIR ".libs/"
#define HAS_GETADDRINFO 1
#define HAS_GETNAMEINFO 1
#define HAS_POLL 1
#define HAS_FCNTL 1
#define HAS_INET_PTON 1
#define HAS_INET_NTOP 1
#define HAS_MSGHDR_FLAGS 1
#define HAS_SOCKLEN_T 1

configure: exit 0
